<?xml version="1.0" encoding="UTF-8"?>
<!-- Generated by org.testng.reporters.JUnitReportReporter -->
<testsuite hostname="DESKTOP-56J5GQU" failures="0" tests="1" name="Annotations.Annotations_Hierachy" time="0.009" errors="0" timestamp="2023-07-09T22:56:23 IST" skipped="0">
  <testcase classname="Annotations.Annotations_Hierachy" name="Test" time="0.009"/>
  <system-out/>
</testsuite> <!-- Annotations.Annotations_Hierachy -->
