<?xml version="1.0" encoding="UTF-8"?>
<!-- Generated by org.testng.reporters.JUnitReportReporter -->
<testsuite hostname="DESKTOP-56J5GQU" failures="0" tests="1" name="Annotations.ClassAnnotations" time="0.007" errors="0" timestamp="2023-07-09T22:56:46 IST" skipped="0">
  <testcase classname="Annotations.ClassAnnotations" name="Test" time="0.007"/>
  <system-out/>
</testsuite> <!-- Annotations.ClassAnnotations -->
