<?xml version="1.0" encoding="UTF-8"?>
<!-- Generated by org.testng.reporters.JUnitReportReporter -->
<testsuite hostname="DESKTOP-56J5GQU" failures="0" tests="2" name="TestNGMethods.DependsOnMethods" time="8.346" errors="0" timestamp="2023-03-08T20:12:28 IST" skipped="0">
  <testcase classname="TestNGMethods.DependsOnMethods" name="Testcases1" time="7.357"/>
  <system-out/>
  <testcase classname="TestNGMethods.DependsOnMethods" name="Testcases" time="0.989"/>
  <system-out/>
</testsuite> <!-- TestNGMethods.DependsOnMethods -->
