<?xml version="1.0" encoding="UTF-8"?>
<!-- Generated by org.testng.reporters.JUnitReportReporter -->
<testsuite hostname="DESKTOP-56J5GQU" failures="0" tests="2" name="Assertions.HardAndSoftAssert" time="5.421" errors="0" timestamp="2023-03-13T21:21:51 IST" skipped="1">
  <testcase classname="Assertions.HardAndSoftAssert" name="Test2" time="5.421"/>
  <system-out/>
  <testcase classname="Assertions.HardAndSoftAssert" name="Test1">
    <skipped/>
  </testcase> <!-- Test1 -->
  <system-out/>
</testsuite> <!-- Assertions.HardAndSoftAssert -->
