<?xml version="1.0" encoding="UTF-8"?>
<!-- Generated by org.testng.reporters.JUnitReportReporter -->
<testsuite hostname="DESKTOP-56J5GQU" failures="0" tests="1" name="Annotations.TestAnnotations" time="0.007" errors="0" timestamp="2023-03-08T20:04:38 IST" skipped="0">
  <testcase classname="Annotations.TestAnnotations" name="f" time="0.007"/>
  <system-out/>
</testsuite> <!-- Annotations.TestAnnotations -->
