<?xml version="1.0" encoding="UTF-8"?>
<!-- Generated by org.testng.reporters.JUnitReportReporter -->
<testsuite hostname="DESKTOP-56J5GQU" failures="0" tests="1" name="Annotations.MethodAnnotations" time="0.018" errors="0" timestamp="2023-03-08T16:59:51 IST" skipped="0">
  <testcase classname="Annotations.MethodAnnotations" name="Test" time="0.018"/>
  <system-out/>
</testsuite> <!-- Annotations.MethodAnnotations -->
