<?xml version="1.0" encoding="UTF-8"?>
<!-- Generated by org.testng.reporters.JUnitReportReporter -->
<testsuite hostname="DESKTOP-56J5GQU" failures="0" tests="1" name="Annotations.OnetestAnnotations" time="0.002" errors="0" timestamp="2023-03-08T16:57:14 IST" skipped="0">
  <testcase classname="Annotations.OnetestAnnotations" name="f" time="0.002"/>
  <system-out/>
</testsuite> <!-- Annotations.OnetestAnnotations -->
