<?xml version="1.0" encoding="UTF-8"?>
<!-- Generated by org.testng.reporters.JUnitReportReporter -->
<testsuite hostname="DESKTOP-56J5GQU" failures="0" tests="2" name="TestNGMethods.DependsOnGroups" time="5.055" errors="0" timestamp="2023-03-08T20:43:24 IST" skipped="0">
  <testcase classname="TestNGMethods.DependsOnGroups" name="Testcases1" time="3.370"/>
  <system-out/>
  <testcase classname="TestNGMethods.DependsOnGroups" name="Testcases" time="1.685"/>
  <system-out/>
</testsuite> <!-- TestNGMethods.DependsOnGroups -->
