<?xml version="1.0" encoding="UTF-8"?>
<!-- Generated by org.testng.reporters.JUnitReportReporter -->
<testsuite hostname="DESKTOP-56J5GQU" failures="0" tests="1" name="TestNGMethods.EnableDisableMethods" time="0.776" errors="0" timestamp="2023-03-08T20:04:38 IST" skipped="0">
  <testcase classname="TestNGMethods.EnableDisableMethods" name="Testcases" time="0.776"/>
  <system-out/>
</testsuite> <!-- TestNGMethods.EnableDisableMethods -->
