<?xml version="1.0" encoding="UTF-8"?>
<!-- Generated by org.testng.reporters.JUnitReportReporter -->
<testsuite hostname="DESKTOP-56J5GQU" failures="0" tests="2" name="Annotations.TwoTestAnnotations" time="0.013" errors="0" timestamp="2023-03-08T20:04:38 IST" skipped="0">
  <testcase classname="Annotations.TwoTestAnnotations" name="Test" time="0.006"/>
  <system-out/>
  <testcase classname="Annotations.TwoTestAnnotations" name="Test2" time="0.007"/>
  <system-out/>
</testsuite> <!-- Annotations.TwoTestAnnotations -->
