<?xml version="1.0" encoding="UTF-8"?>
<!-- Generated by org.testng.reporters.JUnitReportReporter -->
<testsuite hostname="DESKTOP-56J5GQU" failures="0" tests="2" name="TestNGTestcases.TestCases1" time="5.517" errors="0" timestamp="2023-03-13T18:22:26 IST" skipped="0">
  <testcase classname="TestNGTestcases.TestCases1" name="Testcases1" time="4.636"/>
  <system-out/>
  <testcase classname="TestNGTestcases.TestCases1" name="Testcases" time="0.881"/>
  <system-out/>
</testsuite> <!-- TestNGTestcases.TestCases1 -->
